\BOOKMARK [2][]{Outline1.2}{Come nasce}{}% 1
\BOOKMARK [2][]{Outline1.3}{L'importanza della progettazione}{}% 2
\BOOKMARK [2][]{Outline1.4}{Contatti con l'estero}{}% 3
\BOOKMARK [3][]{Outline1.4.1.12}{Alla ricerca delle idee migliori}{Outline1.4}% 4
\BOOKMARK [3][]{Outline1.4.2.14}{Collaborazione diretta}{Outline1.4}% 5
\BOOKMARK [2][]{Outline1.5}{Sperimentazione e software libero}{}% 6
\BOOKMARK [1][]{Outline2}{www.sipontomedievale.it}{}% 7
\BOOKMARK [2][]{Outline2.6}{Generalit\340}{Outline2}% 8
\BOOKMARK [2][]{Outline2.7}{Multimedialit\340}{Outline2}% 9
\BOOKMARK [1][]{Outline3}{Siponto Aperta: documentazione archeologica}{}% 10
\BOOKMARK [2][]{Outline3.8}{Documentazione tradizionale}{Outline3}% 11
\BOOKMARK [2][]{Outline3.9}{Ark}{Outline3}% 12
\BOOKMARK [1][]{Outline4}{Siponto Aperta: GIS}{}% 13
\BOOKMARK [2][]{Outline4.10}{I GIS in archeologia}{Outline4}% 14
\BOOKMARK [2][]{Outline4.11}{GIS vs CAD: digitalizzazione}{Outline4}% 15
\BOOKMARK [2][]{Outline4.12}{Un passo avanti: PostGIS}{Outline4}% 16
\BOOKMARK [2][]{Outline4.13}{WebGIS}{Outline4}% 17
\BOOKMARK [1][]{Outline5}{Siponto Aperta: 3D}{}% 18
\BOOKMARK [2][]{Outline5.14}{Obiettivi}{Outline5}% 19
\BOOKMARK [2][]{Outline5.15}{3D sul web}{Outline5}% 20
